  [1m[35m (589.5ms)[0m  [1m[35mCREATE DATABASE "Greens_development" ENCODING = 'unicode'[0m
  ↳ bin/rails:9
  [1m[35m (475.0ms)[0m  [1m[35mCREATE DATABASE "Greens_test" ENCODING = 'unicode'[0m
  ↳ bin/rails:9
  [1m[35m (16.7ms)[0m  [1m[35mCREATE TABLE "schema_migrations" ("version" character varying NOT NULL PRIMARY KEY)[0m
  ↳ bin/rails:9
  [1m[35m (53.7ms)[0m  [1m[35mCREATE TABLE "ar_internal_metadata" ("key" character varying NOT NULL PRIMARY KEY, "value" character varying, "created_at" timestamp NOT NULL, "updated_at" timestamp NOT NULL)[0m
  ↳ bin/rails:9
  [1m[35m (2.0ms)[0m  [1m[34mSELECT pg_try_advisory_lock(942013028333907180)[0m
  ↳ bin/rails:9
  [1m[35m (1.1ms)[0m  [1m[34mSELECT "schema_migrations"."version" FROM "schema_migrations" ORDER BY "schema_migrations"."version" ASC[0m
  ↳ bin/rails:9
Migrating to CreateOrders (20190421090036)
  [1m[35m (0.4ms)[0m  [1m[35mBEGIN[0m
  ↳ bin/rails:9
  [1m[35m (50.2ms)[0m  [1m[35mCREATE TABLE "orders" ("id" bigserial primary key, "userID" integer, "total" float, "quantity" integer, "shippingID" integer, "created_at" timestamp NOT NULL, "updated_at" timestamp NOT NULL)[0m
  ↳ db/migrate/20190421090036_create_orders.rb:3
  [1m[36mActiveRecord::SchemaMigration Create (2.5ms)[0m  [1m[32mINSERT INTO "schema_migrations" ("version") VALUES ($1) RETURNING "version"[0m  [["version", "20190421090036"]]
  ↳ bin/rails:9
  [1m[35m (1.4ms)[0m  [1m[35mCOMMIT[0m
  ↳ bin/rails:9
Migrating to CreateOrderDetails (20190421101341)
  [1m[35m (40.0ms)[0m  [1m[35mBEGIN[0m
  ↳ bin/rails:9
  [1m[35m (9.3ms)[0m  [1m[35mCREATE TABLE "order_details" ("id" bigserial primary key, "orderID" integer, "productID" integer, "price" float, "amount" integer, "created_at" timestamp NOT NULL, "updated_at" timestamp NOT NULL)[0m
  ↳ db/migrate/20190421101341_create_order_details.rb:3
  [1m[36mActiveRecord::SchemaMigration Create (0.5ms)[0m  [1m[32mINSERT INTO "schema_migrations" ("version") VALUES ($1) RETURNING "version"[0m  [["version", "20190421101341"]]
  ↳ bin/rails:9
  [1m[35m (1.9ms)[0m  [1m[35mCOMMIT[0m
  ↳ bin/rails:9
Migrating to CreateProducts (20190421101427)
  [1m[35m (40.9ms)[0m  [1m[35mBEGIN[0m
  ↳ bin/rails:9
  [1m[35m (10.4ms)[0m  [1m[35mCREATE TABLE "products" ("id" bigserial primary key, "catID" integer, "name" character varying, "image" character varying, "quantity" integer, "created_at" timestamp NOT NULL, "updated_at" timestamp NOT NULL)[0m
  ↳ db/migrate/20190421101427_create_products.rb:3
  [1m[36mActiveRecord::SchemaMigration Create (0.5ms)[0m  [1m[32mINSERT INTO "schema_migrations" ("version") VALUES ($1) RETURNING "version"[0m  [["version", "20190421101427"]]
  ↳ bin/rails:9
  [1m[35m (1.6ms)[0m  [1m[35mCOMMIT[0m
  ↳ bin/rails:9
Migrating to CreateProductInfos (20190421102104)
  [1m[35m (41.0ms)[0m  [1m[35mBEGIN[0m
  ↳ bin/rails:9
  [1m[35m (4.7ms)[0m  [1m[35mCREATE TABLE "product_infos" ("id" bigserial primary key, "productID" integer, "sellerID" integer, "price" float, "stack" integer, "created_at" timestamp NOT NULL, "updated_at" timestamp NOT NULL)[0m
  ↳ db/migrate/20190421102104_create_product_infos.rb:3
  [1m[36mActiveRecord::SchemaMigration Create (0.5ms)[0m  [1m[32mINSERT INTO "schema_migrations" ("version") VALUES ($1) RETURNING "version"[0m  [["version", "20190421102104"]]
  ↳ bin/rails:9
  [1m[35m (1.5ms)[0m  [1m[35mCOMMIT[0m
  ↳ bin/rails:9
Migrating to CreateSellers (20190421102632)
  [1m[35m (41.0ms)[0m  [1m[35mBEGIN[0m
  ↳ bin/rails:9
  [1m[35m (9.8ms)[0m  [1m[35mCREATE TABLE "sellers" ("id" bigserial primary key, "name" character varying, "farmerName" character varying, "created_at" timestamp NOT NULL, "updated_at" timestamp NOT NULL)[0m
  ↳ db/migrate/20190421102632_create_sellers.rb:3
  [1m[36mActiveRecord::SchemaMigration Create (0.6ms)[0m  [1m[32mINSERT INTO "schema_migrations" ("version") VALUES ($1) RETURNING "version"[0m  [["version", "20190421102632"]]
  ↳ bin/rails:9
  [1m[35m (2.0ms)[0m  [1m[35mCOMMIT[0m
  ↳ bin/rails:9
Migrating to CreateCategories (20190421102658)
  [1m[35m (40.7ms)[0m  [1m[35mBEGIN[0m
  ↳ bin/rails:9
  [1m[35m (16.7ms)[0m  [1m[35mCREATE TABLE "categories" ("id" bigserial primary key, "name" character varying, "created_at" timestamp NOT NULL, "updated_at" timestamp NOT NULL)[0m
  ↳ db/migrate/20190421102658_create_categories.rb:3
  [1m[36mActiveRecord::SchemaMigration Create (0.5ms)[0m  [1m[32mINSERT INTO "schema_migrations" ("version") VALUES ($1) RETURNING "version"[0m  [["version", "20190421102658"]]
  ↳ bin/rails:9
  [1m[35m (1.7ms)[0m  [1m[35mCOMMIT[0m
  ↳ bin/rails:9
  [1m[36mActiveRecord::InternalMetadata Load (0.9ms)[0m  [1m[34mSELECT  "ar_internal_metadata".* FROM "ar_internal_metadata" WHERE "ar_internal_metadata"."key" = $1 LIMIT $2[0m  [["key", "environment"], ["LIMIT", 1]]
  ↳ bin/rails:9
  [1m[35m (0.2ms)[0m  [1m[35mBEGIN[0m
  ↳ bin/rails:9
  [1m[36mActiveRecord::InternalMetadata Create (0.5ms)[0m  [1m[32mINSERT INTO "ar_internal_metadata" ("key", "value", "created_at", "updated_at") VALUES ($1, $2, $3, $4) RETURNING "key"[0m  [["key", "environment"], ["value", "development"], ["created_at", "2019-04-21 10:53:58.933153"], ["updated_at", "2019-04-21 10:53:58.933153"]]
  ↳ bin/rails:9
  [1m[35m (41.4ms)[0m  [1m[35mCOMMIT[0m
  ↳ bin/rails:9
  [1m[35m (0.4ms)[0m  [1m[34mSELECT pg_advisory_unlock(942013028333907180)[0m
  ↳ bin/rails:9
  [1m[35m (1.9ms)[0m  [1m[34mSELECT "schema_migrations"."version" FROM "schema_migrations" ORDER BY "schema_migrations"."version" ASC[0m
  ↳ bin/rails:9
Started GET "/" for ::1 at 2019-04-21 13:55:40 +0300
  [1m[35m (0.7ms)[0m  [1m[34mSELECT "schema_migrations"."version" FROM "schema_migrations" ORDER BY "schema_migrations"."version" ASC[0m
  ↳ /Users/lamyaahamed/.rbenv/versions/2.6.2/lib/ruby/gems/2.6.0/gems/activerecord-5.2.3/lib/active_record/log_subscriber.rb:98
Processing by Rails::WelcomeController#index as HTML
  Rendering /Users/lamyaahamed/.rbenv/versions/2.6.2/lib/ruby/gems/2.6.0/gems/railties-5.2.3/lib/rails/templates/rails/welcome/index.html.erb
  Rendered /Users/lamyaahamed/.rbenv/versions/2.6.2/lib/ruby/gems/2.6.0/gems/railties-5.2.3/lib/rails/templates/rails/welcome/index.html.erb (6.4ms)
Completed 200 OK in 33ms (Views: 18.1ms | ActiveRecord: 0.0ms)


Started GET "/categories" for ::1 at 2019-04-21 14:14:11 +0300
  
ActionController::RoutingError (No route matches [GET] "/categories"):
  
actionpack (5.2.3) lib/action_dispatch/middleware/debug_exceptions.rb:65:in `call'
web-console (3.7.0) lib/web_console/middleware.rb:135:in `call_app'
web-console (3.7.0) lib/web_console/middleware.rb:30:in `block in call'
web-console (3.7.0) lib/web_console/middleware.rb:20:in `catch'
web-console (3.7.0) lib/web_console/middleware.rb:20:in `call'
actionpack (5.2.3) lib/action_dispatch/middleware/show_exceptions.rb:33:in `call'
railties (5.2.3) lib/rails/rack/logger.rb:38:in `call_app'
railties (5.2.3) lib/rails/rack/logger.rb:26:in `block in call'
activesupport (5.2.3) lib/active_support/tagged_logging.rb:71:in `block in tagged'
activesupport (5.2.3) lib/active_support/tagged_logging.rb:28:in `tagged'
activesupport (5.2.3) lib/active_support/tagged_logging.rb:71:in `tagged'
railties (5.2.3) lib/rails/rack/logger.rb:26:in `call'
sprockets-rails (3.2.1) lib/sprockets/rails/quiet_assets.rb:13:in `call'
actionpack (5.2.3) lib/action_dispatch/middleware/remote_ip.rb:81:in `call'
actionpack (5.2.3) lib/action_dispatch/middleware/request_id.rb:27:in `call'
rack (2.0.7) lib/rack/method_override.rb:22:in `call'
rack (2.0.7) lib/rack/runtime.rb:22:in `call'
activesupport (5.2.3) lib/active_support/cache/strategy/local_cache_middleware.rb:29:in `call'
actionpack (5.2.3) lib/action_dispatch/middleware/executor.rb:14:in `call'
actionpack (5.2.3) lib/action_dispatch/middleware/static.rb:127:in `call'
rack (2.0.7) lib/rack/sendfile.rb:111:in `call'
railties (5.2.3) lib/rails/engine.rb:524:in `call'
puma (3.12.1) lib/puma/configuration.rb:227:in `call'
puma (3.12.1) lib/puma/server.rb:660:in `handle_request'
puma (3.12.1) lib/puma/server.rb:474:in `process_client'
puma (3.12.1) lib/puma/server.rb:334:in `block in run'
puma (3.12.1) lib/puma/thread_pool.rb:135:in `block in spawn_thread'
Started GET "/category" for ::1 at 2019-04-21 14:14:20 +0300
  
ActionController::RoutingError (No route matches [GET] "/category"):
  
actionpack (5.2.3) lib/action_dispatch/middleware/debug_exceptions.rb:65:in `call'
web-console (3.7.0) lib/web_console/middleware.rb:135:in `call_app'
web-console (3.7.0) lib/web_console/middleware.rb:30:in `block in call'
web-console (3.7.0) lib/web_console/middleware.rb:20:in `catch'
web-console (3.7.0) lib/web_console/middleware.rb:20:in `call'
actionpack (5.2.3) lib/action_dispatch/middleware/show_exceptions.rb:33:in `call'
railties (5.2.3) lib/rails/rack/logger.rb:38:in `call_app'
railties (5.2.3) lib/rails/rack/logger.rb:26:in `block in call'
activesupport (5.2.3) lib/active_support/tagged_logging.rb:71:in `block in tagged'
activesupport (5.2.3) lib/active_support/tagged_logging.rb:28:in `tagged'
activesupport (5.2.3) lib/active_support/tagged_logging.rb:71:in `tagged'
railties (5.2.3) lib/rails/rack/logger.rb:26:in `call'
sprockets-rails (3.2.1) lib/sprockets/rails/quiet_assets.rb:13:in `call'
actionpack (5.2.3) lib/action_dispatch/middleware/remote_ip.rb:81:in `call'
actionpack (5.2.3) lib/action_dispatch/middleware/request_id.rb:27:in `call'
rack (2.0.7) lib/rack/method_override.rb:22:in `call'
rack (2.0.7) lib/rack/runtime.rb:22:in `call'
activesupport (5.2.3) lib/active_support/cache/strategy/local_cache_middleware.rb:29:in `call'
actionpack (5.2.3) lib/action_dispatch/middleware/executor.rb:14:in `call'
actionpack (5.2.3) lib/action_dispatch/middleware/static.rb:127:in `call'
rack (2.0.7) lib/rack/sendfile.rb:111:in `call'
railties (5.2.3) lib/rails/engine.rb:524:in `call'
puma (3.12.1) lib/puma/configuration.rb:227:in `call'
puma (3.12.1) lib/puma/server.rb:660:in `handle_request'
puma (3.12.1) lib/puma/server.rb:474:in `process_client'
puma (3.12.1) lib/puma/server.rb:334:in `block in run'
puma (3.12.1) lib/puma/thread_pool.rb:135:in `block in spawn_thread'
Started GET "/categories" for ::1 at 2019-04-21 14:16:22 +0300
Processing by CategoriesController#index as HTML
  Rendering categories/index.html.erb within layouts/application
  Rendered categories/index.html.erb within layouts/application (0.5ms)
Completed 200 OK in 848ms (Views: 842.5ms | ActiveRecord: 0.0ms)


  [1m[35m (0.7ms)[0m  [1m[34mSELECT "schema_migrations"."version" FROM "schema_migrations" ORDER BY "schema_migrations"."version" ASC[0m
  ↳ bin/rails:9
  [1m[36mProduct Load (0.6ms)[0m  [1m[34mSELECT "products".* FROM "products"[0m
  ↳ db/seeds.rb:10
  [1m[36mCategory Load (3.1ms)[0m  [1m[34mSELECT "categories".* FROM "categories"[0m
  ↳ db/seeds.rb:11
  [1m[35m (0.2ms)[0m  [1m[35mBEGIN[0m
  ↳ db/seeds.rb:15
  [1m[36mProduct Create (0.7ms)[0m  [1m[32mINSERT INTO "products" ("name", "created_at", "updated_at") VALUES ($1, $2, $3) RETURNING "id"[0m  [["name", "fruite"], ["created_at", "2019-04-21 11:33:27.414618"], ["updated_at", "2019-04-21 11:33:27.414618"]]
  ↳ db/seeds.rb:15
  [1m[35m (40.6ms)[0m  [1m[35mCOMMIT[0m
  ↳ db/seeds.rb:15
  [1m[35m (0.6ms)[0m  [1m[34mSELECT "schema_migrations"."version" FROM "schema_migrations" ORDER BY "schema_migrations"."version" ASC[0m
  ↳ bin/rails:9
  [1m[36mProduct Load (0.6ms)[0m  [1m[34mSELECT "products".* FROM "products"[0m
  ↳ db/seeds.rb:10
  [1m[35m (0.3ms)[0m  [1m[35mBEGIN[0m
  ↳ db/seeds.rb:10
  [1m[36mProduct Destroy (0.8ms)[0m  [1m[31mDELETE FROM "products" WHERE "products"."id" = $1[0m  [["id", 1]]
  ↳ db/seeds.rb:10
  [1m[35m (40.8ms)[0m  [1m[35mCOMMIT[0m
  ↳ db/seeds.rb:10
  [1m[36mCategory Load (0.8ms)[0m  [1m[34mSELECT "categories".* FROM "categories"[0m
  ↳ db/seeds.rb:11
  [1m[35m (0.3ms)[0m  [1m[35mBEGIN[0m
  ↳ db/seeds.rb:15
  [1m[36mProduct Create (0.8ms)[0m  [1m[32mINSERT INTO "products" ("name", "created_at", "updated_at") VALUES ($1, $2, $3) RETURNING "id"[0m  [["name", "fruite"], ["created_at", "2019-04-21 11:34:15.677054"], ["updated_at", "2019-04-21 11:34:15.677054"]]
  ↳ db/seeds.rb:15
  [1m[35m (1.4ms)[0m  [1m[35mCOMMIT[0m
  ↳ db/seeds.rb:15
  [1m[35m (0.8ms)[0m  [1m[34mSELECT "schema_migrations"."version" FROM "schema_migrations" ORDER BY "schema_migrations"."version" ASC[0m
  ↳ bin/rails:9
  [1m[36mProduct Load (0.6ms)[0m  [1m[34mSELECT "products".* FROM "products"[0m
  ↳ db/seeds.rb:10
  [1m[35m (0.2ms)[0m  [1m[35mBEGIN[0m
  ↳ db/seeds.rb:10
  [1m[36mProduct Destroy (0.4ms)[0m  [1m[31mDELETE FROM "products" WHERE "products"."id" = $1[0m  [["id", 2]]
  ↳ db/seeds.rb:10
  [1m[35m (41.6ms)[0m  [1m[35mCOMMIT[0m
  ↳ db/seeds.rb:10
  [1m[36mCategory Load (0.8ms)[0m  [1m[34mSELECT "categories".* FROM "categories"[0m
  ↳ db/seeds.rb:11
  [1m[35m (0.3ms)[0m  [1m[35mBEGIN[0m
  ↳ db/seeds.rb:15
  [1m[36mProduct Create (0.8ms)[0m  [1m[32mINSERT INTO "products" ("name", "created_at", "updated_at") VALUES ($1, $2, $3) RETURNING "id"[0m  [["name", "fruite"], ["created_at", "2019-04-21 11:36:47.790853"], ["updated_at", "2019-04-21 11:36:47.790853"]]
  ↳ db/seeds.rb:15
  [1m[35m (1.5ms)[0m  [1m[35mCOMMIT[0m
  ↳ db/seeds.rb:15
  [1m[35m (0.8ms)[0m  [1m[34mSELECT "schema_migrations"."version" FROM "schema_migrations" ORDER BY "schema_migrations"."version" ASC[0m
  ↳ bin/rails:9
  [1m[36mProduct Load (0.6ms)[0m  [1m[34mSELECT "products".* FROM "products"[0m
  ↳ db/seeds.rb:10
  [1m[35m (0.2ms)[0m  [1m[35mBEGIN[0m
  ↳ db/seeds.rb:10
  [1m[36mProduct Destroy (0.4ms)[0m  [1m[31mDELETE FROM "products" WHERE "products"."id" = $1[0m  [["id", 3]]
  ↳ db/seeds.rb:10
  [1m[35m (41.6ms)[0m  [1m[35mCOMMIT[0m
  ↳ db/seeds.rb:10
  [1m[36mCategory Load (0.8ms)[0m  [1m[34mSELECT "categories".* FROM "categories"[0m
  ↳ db/seeds.rb:11
  [1m[35m (0.3ms)[0m  [1m[35mBEGIN[0m
  ↳ db/seeds.rb:15
  [1m[36mCategory Create (1.4ms)[0m  [1m[32mINSERT INTO "categories" ("name", "created_at", "updated_at") VALUES ($1, $2, $3) RETURNING "id"[0m  [["name", "fruite"], ["created_at", "2019-04-21 11:37:35.279989"], ["updated_at", "2019-04-21 11:37:35.279989"]]
  ↳ db/seeds.rb:15
  [1m[35m (1.8ms)[0m  [1m[35mCOMMIT[0m
  ↳ db/seeds.rb:15
  [1m[35m (0.3ms)[0m  [1m[35mBEGIN[0m
  ↳ db/seeds.rb:16
  [1m[36mProduct Create (1.9ms)[0m  [1m[32mINSERT INTO "products" ("catID", "name", "image", "quantity", "created_at", "updated_at") VALUES ($1, $2, $3, $4, $5, $6) RETURNING "id"[0m  [["catID", 1], ["name", "apple"], ["image", "https://banner2.kisspng.com/20171219/9ca/apple-png-5a38db4c51f685.1538687515136755963357.jpg"], ["quantity", 10], ["created_at", "2019-04-21 11:37:35.286573"], ["updated_at", "2019-04-21 11:37:35.286573"]]
  ↳ db/seeds.rb:16
  [1m[35m (1.4ms)[0m  [1m[35mCOMMIT[0m
  ↳ db/seeds.rb:16
  [1m[35m (0.3ms)[0m  [1m[35mBEGIN[0m
  ↳ db/seeds.rb:20
  [1m[36mCategory Create (0.5ms)[0m  [1m[32mINSERT INTO "categories" ("name", "created_at", "updated_at") VALUES ($1, $2, $3) RETURNING "id"[0m  [["name", "vigi"], ["created_at", "2019-04-21 11:37:35.292740"], ["updated_at", "2019-04-21 11:37:35.292740"]]
  ↳ db/seeds.rb:20
  [1m[35m (1.4ms)[0m  [1m[35mCOMMIT[0m
  ↳ db/seeds.rb:20
  [1m[35m (0.3ms)[0m  [1m[35mBEGIN[0m
  ↳ db/seeds.rb:21
  [1m[36mProduct Create (0.6ms)[0m  [1m[32mINSERT INTO "products" ("catID", "name", "image", "quantity", "created_at", "updated_at") VALUES ($1, $2, $3, $4, $5, $6) RETURNING "id"[0m  [["catID", 2], ["name", "lettuce"], ["image", "https://banner2.kisspng.com/20180328/qwe/kisspng-lettuce-sandwich-butterhead-lettuce-vegetable-sala-lettuce-5abb79e2ca0f80.4373410515222358748277.jpg"], ["quantity", 15], ["created_at", "2019-04-21 11:37:35.297319"], ["updated_at", "2019-04-21 11:37:35.297319"]]
  ↳ db/seeds.rb:21
  [1m[35m (1.5ms)[0m  [1m[35mCOMMIT[0m
  ↳ db/seeds.rb:21
Started GET "/categories" for ::1 at 2019-04-21 14:40:44 +0300
Processing by CategoriesController#index as HTML
  Rendering categories/index.html.erb within layouts/application
  [1m[36mCategory Load (1.0ms)[0m  [1m[34mSELECT "categories".* FROM "categories"[0m
  ↳ app/views/categories/index.html.erb:2
  Rendered categories/index.html.erb within layouts/application (21.5ms)
Completed 200 OK in 43ms (Views: 33.4ms | ActiveRecord: 8.4ms)


Started GET "/categories" for ::1 at 2019-04-21 14:51:13 +0300
  [1m[35m (0.6ms)[0m  [1m[34mSELECT "schema_migrations"."version" FROM "schema_migrations" ORDER BY "schema_migrations"."version" ASC[0m
  ↳ /Users/lamyaahamed/.rbenv/versions/2.6.2/lib/ruby/gems/2.6.0/gems/activerecord-5.2.3/lib/active_record/log_subscriber.rb:98
Processing by CategoriesController#index as HTML
  Rendering categories/index.html.erb within layouts/application
  [1m[36mCategory Load (0.6ms)[0m  [1m[34mSELECT "categories".* FROM "categories"[0m
  ↳ app/views/categories/index.html.erb:2
  Rendered categories/index.html.erb within layouts/application (14.7ms)
Completed 200 OK in 303ms (Views: 282.6ms | ActiveRecord: 6.5ms)


Started GET "/categories/1" for ::1 at 2019-04-21 14:51:16 +0300
Processing by CategoriesController#show as HTML
  Parameters: {"id"=>"1"}
  [1m[36mCategory Load (1.1ms)[0m  [1m[34mSELECT  "categories".* FROM "categories" WHERE "categories"."id" = $1 LIMIT $2[0m  [["id", 1], ["LIMIT", 1]]
  ↳ app/controllers/categories_controller.rb:7
  Rendering categories/show.html.erb within layouts/application
  Rendered categories/show.html.erb within layouts/application (1.4ms)
Completed 200 OK in 51ms (Views: 29.9ms | ActiveRecord: 14.4ms)


Started GET "/categories/1/edit" for ::1 at 2019-04-21 14:51:20 +0300
Processing by CategoriesController#edit as HTML
  Parameters: {"id"=>"1"}
  [1m[36mCategory Load (5.2ms)[0m  [1m[34mSELECT  "categories".* FROM "categories" WHERE "categories"."id" = $1 LIMIT $2[0m  [["id", 1], ["LIMIT", 1]]
  ↳ app/controllers/categories_controller.rb:20
  Rendering categories/edit.html.erb within layouts/application
  Rendered categories/_form.html.erb (35.0ms)
  Rendered categories/edit.html.erb within layouts/application (39.8ms)
Completed 200 OK in 121ms (Views: 110.8ms | ActiveRecord: 5.2ms)


Started PATCH "/categories/1" for ::1 at 2019-04-21 14:51:29 +0300
Processing by CategoriesController#update as HTML
  Parameters: {"utf8"=>"✓", "authenticity_token"=>"s3a5BTYtXACW95t7w4Zx8ehD2t4FB6xff2g9mGGZr0bdbzf9B/RaF4GZ0zmaPib0WcK2o8wYy5qP5jbWiCoX4g==", "category"=>{"name"=>"fruite1"}, "commit"=>"Submit", "id"=>"1"}
  [1m[36mCategory Load (0.8ms)[0m  [1m[34mSELECT  "categories".* FROM "categories" WHERE "categories"."id" = $1 LIMIT $2[0m  [["id", 1], ["LIMIT", 1]]
  ↳ app/controllers/categories_controller.rb:24
  [1m[35m (0.2ms)[0m  [1m[35mBEGIN[0m
  ↳ app/controllers/categories_controller.rb:25
  [1m[36mCategory Update (0.4ms)[0m  [1m[33mUPDATE "categories" SET "name" = $1, "updated_at" = $2 WHERE "categories"."id" = $3[0m  [["name", "fruite1"], ["updated_at", "2019-04-21 11:51:29.348592"], ["id", 1]]
  ↳ app/controllers/categories_controller.rb:25
  [1m[35m (41.5ms)[0m  [1m[35mCOMMIT[0m
  ↳ app/controllers/categories_controller.rb:25
Redirected to http://localhost:3000/categories/1
Completed 302 Found in 51ms (ActiveRecord: 42.9ms)


Started GET "/categories/1" for ::1 at 2019-04-21 14:51:29 +0300
Processing by CategoriesController#show as HTML
  Parameters: {"id"=>"1"}
  [1m[36mCategory Load (0.3ms)[0m  [1m[34mSELECT  "categories".* FROM "categories" WHERE "categories"."id" = $1 LIMIT $2[0m  [["id", 1], ["LIMIT", 1]]
  ↳ app/controllers/categories_controller.rb:7
  Rendering categories/show.html.erb within layouts/application
  Rendered categories/show.html.erb within layouts/application (1.1ms)
Completed 200 OK in 27ms (Views: 25.2ms | ActiveRecord: 0.3ms)


Started GET "/categories" for ::1 at 2019-04-21 14:51:35 +0300
Processing by CategoriesController#index as HTML
  Rendering categories/index.html.erb within layouts/application
  [1m[36mCategory Load (0.3ms)[0m  [1m[34mSELECT "categories".* FROM "categories"[0m
  ↳ app/views/categories/index.html.erb:2
  Rendered categories/index.html.erb within layouts/application (1.5ms)
Completed 200 OK in 39ms (Views: 35.9ms | ActiveRecord: 0.3ms)


Started GET "/categories/1" for ::1 at 2019-04-21 14:51:38 +0300
Processing by CategoriesController#show as HTML
  Parameters: {"id"=>"1"}
  [1m[36mCategory Load (9.9ms)[0m  [1m[34mSELECT  "categories".* FROM "categories" WHERE "categories"."id" = $1 LIMIT $2[0m  [["id", 1], ["LIMIT", 1]]
  ↳ app/controllers/categories_controller.rb:7
  Rendering categories/show.html.erb within layouts/application
  Rendered categories/show.html.erb within layouts/application (1.2ms)
Completed 200 OK in 51ms (Views: 37.7ms | ActiveRecord: 9.9ms)


Started GET "/categories/1/edit" for ::1 at 2019-04-21 14:51:39 +0300
Processing by CategoriesController#edit as HTML
  Parameters: {"id"=>"1"}
  [1m[36mCategory Load (2.2ms)[0m  [1m[34mSELECT  "categories".* FROM "categories" WHERE "categories"."id" = $1 LIMIT $2[0m  [["id", 1], ["LIMIT", 1]]
  ↳ app/controllers/categories_controller.rb:20
  Rendering categories/edit.html.erb within layouts/application
  Rendered categories/_form.html.erb (2.9ms)
  Rendered categories/edit.html.erb within layouts/application (4.5ms)
Completed 200 OK in 38ms (Views: 32.3ms | ActiveRecord: 2.2ms)


Started PATCH "/categories/1" for ::1 at 2019-04-21 14:51:42 +0300
Processing by CategoriesController#update as HTML
  Parameters: {"utf8"=>"✓", "authenticity_token"=>"xOW5cQmN28AUjQUYOWJZu+wLKT+6sjfrds75m2/fU02q/DeJOFTd1wPjTVpg2g6+XYpFQnOtUC6GQPLVhmzr6Q==", "category"=>{"name"=>"fruite"}, "commit"=>"Submit", "id"=>"1"}
  [1m[36mCategory Load (0.6ms)[0m  [1m[34mSELECT  "categories".* FROM "categories" WHERE "categories"."id" = $1 LIMIT $2[0m  [["id", 1], ["LIMIT", 1]]
  ↳ app/controllers/categories_controller.rb:24
  [1m[35m (0.3ms)[0m  [1m[35mBEGIN[0m
  ↳ app/controllers/categories_controller.rb:25
  [1m[36mCategory Update (2.1ms)[0m  [1m[33mUPDATE "categories" SET "name" = $1, "updated_at" = $2 WHERE "categories"."id" = $3[0m  [["name", "fruite"], ["updated_at", "2019-04-21 11:51:42.658095"], ["id", 1]]
  ↳ app/controllers/categories_controller.rb:25
  [1m[35m (41.1ms)[0m  [1m[35mCOMMIT[0m
  ↳ app/controllers/categories_controller.rb:25
Redirected to http://localhost:3000/categories/1
Completed 302 Found in 50ms (ActiveRecord: 44.1ms)


Started GET "/categories/1" for ::1 at 2019-04-21 14:51:42 +0300
Processing by CategoriesController#show as HTML
  Parameters: {"id"=>"1"}
  [1m[36mCategory Load (0.4ms)[0m  [1m[34mSELECT  "categories".* FROM "categories" WHERE "categories"."id" = $1 LIMIT $2[0m  [["id", 1], ["LIMIT", 1]]
  ↳ app/controllers/categories_controller.rb:7
  Rendering categories/show.html.erb within layouts/application
  Rendered categories/show.html.erb within layouts/application (0.7ms)
Completed 200 OK in 28ms (Views: 24.4ms | ActiveRecord: 0.4ms)


Started GET "/categories" for ::1 at 2019-04-21 14:51:53 +0300
Processing by CategoriesController#index as HTML
  Rendering categories/index.html.erb within layouts/application
  [1m[36mCategory Load (1.1ms)[0m  [1m[34mSELECT "categories".* FROM "categories"[0m
  ↳ app/views/categories/index.html.erb:2
  Rendered categories/index.html.erb within layouts/application (3.3ms)
Completed 200 OK in 40ms (Views: 34.3ms | ActiveRecord: 1.1ms)


Started GET "/categories/2" for ::1 at 2019-04-21 14:51:58 +0300
Processing by CategoriesController#show as HTML
  Parameters: {"id"=>"2"}
  [1m[36mCategory Load (0.4ms)[0m  [1m[34mSELECT  "categories".* FROM "categories" WHERE "categories"."id" = $1 LIMIT $2[0m  [["id", 2], ["LIMIT", 1]]
  ↳ app/controllers/categories_controller.rb:7
  Rendering categories/show.html.erb within layouts/application
  Rendered categories/show.html.erb within layouts/application (0.7ms)
Completed 200 OK in 28ms (Views: 23.9ms | ActiveRecord: 0.4ms)


Started GET "/categories/2/edit" for ::1 at 2019-04-21 14:52:00 +0300
Processing by CategoriesController#edit as HTML
  Parameters: {"id"=>"2"}
  [1m[36mCategory Load (8.5ms)[0m  [1m[34mSELECT  "categories".* FROM "categories" WHERE "categories"."id" = $1 LIMIT $2[0m  [["id", 2], ["LIMIT", 1]]
  ↳ app/controllers/categories_controller.rb:20
  Rendering categories/edit.html.erb within layouts/application
  Rendered categories/_form.html.erb (3.0ms)
  Rendered categories/edit.html.erb within layouts/application (5.3ms)
Completed 200 OK in 43ms (Views: 31.0ms | ActiveRecord: 8.5ms)


Started PATCH "/categories/2" for ::1 at 2019-04-21 14:52:07 +0300
Processing by CategoriesController#update as HTML
  Parameters: {"utf8"=>"✓", "authenticity_token"=>"BCZT20VZIJqLc+6nUgmxwcb7W1VK2SbfyJ/aScYMUJbr1uYhTy93JZyUw4ffVGR3KMZEYTOdg80OA3bFh3u+XA==", "category"=>{"name"=>"vigi 2"}, "commit"=>"Submit", "id"=>"2"}
  [1m[36mCategory Load (0.3ms)[0m  [1m[34mSELECT  "categories".* FROM "categories" WHERE "categories"."id" = $1 LIMIT $2[0m  [["id", 2], ["LIMIT", 1]]
  ↳ app/controllers/categories_controller.rb:24
  [1m[35m (0.2ms)[0m  [1m[35mBEGIN[0m
  ↳ app/controllers/categories_controller.rb:25
  [1m[36mCategory Update (0.6ms)[0m  [1m[33mUPDATE "categories" SET "name" = $1, "updated_at" = $2 WHERE "categories"."id" = $3[0m  [["name", "vigi 2"], ["updated_at", "2019-04-21 11:52:07.271926"], ["id", 2]]
  ↳ app/controllers/categories_controller.rb:25
  [1m[35m (2.2ms)[0m  [1m[35mCOMMIT[0m
  ↳ app/controllers/categories_controller.rb:25
Redirected to http://localhost:3000/categories/2
Completed 302 Found in 8ms (ActiveRecord: 3.2ms)


Started GET "/categories/2" for ::1 at 2019-04-21 14:52:07 +0300
Processing by CategoriesController#show as HTML
  Parameters: {"id"=>"2"}
  [1m[36mCategory Load (0.3ms)[0m  [1m[34mSELECT  "categories".* FROM "categories" WHERE "categories"."id" = $1 LIMIT $2[0m  [["id", 2], ["LIMIT", 1]]
  ↳ app/controllers/categories_controller.rb:7
  Rendering categories/show.html.erb within layouts/application
  Rendered categories/show.html.erb within layouts/application (0.9ms)
Completed 200 OK in 29ms (Views: 26.7ms | ActiveRecord: 0.3ms)


Started DELETE "/categories/2" for ::1 at 2019-04-21 14:52:17 +0300
Processing by CategoriesController#destroy as HTML
  Parameters: {"authenticity_token"=>"FujvSZLRgTOXMXJoOTkwkzIikxc2sEOt6Y/otb1zL7rgh98tj2j/jzkbTPjlODRCeTfcT0SGeRzCWg/0bE9cBg==", "id"=>"2"}
  [1m[36mCategory Load (0.3ms)[0m  [1m[34mSELECT  "categories".* FROM "categories" WHERE "categories"."id" = $1 LIMIT $2[0m  [["id", 2], ["LIMIT", 1]]
  ↳ app/controllers/categories_controller.rb:30
  [1m[35m (0.5ms)[0m  [1m[35mBEGIN[0m
  ↳ app/controllers/categories_controller.rb:31
  [1m[36mCategory Destroy (0.4ms)[0m  [1m[31mDELETE FROM "categories" WHERE "categories"."id" = $1[0m  [["id", 2]]
  ↳ app/controllers/categories_controller.rb:31
  [1m[35m (1.2ms)[0m  [1m[35mCOMMIT[0m
  ↳ app/controllers/categories_controller.rb:31
Redirected to http://localhost:3000/categories
Completed 302 Found in 7ms (ActiveRecord: 2.4ms)


Started GET "/categories" for ::1 at 2019-04-21 14:52:17 +0300
Processing by CategoriesController#index as HTML
  Rendering categories/index.html.erb within layouts/application
  [1m[36mCategory Load (0.3ms)[0m  [1m[34mSELECT "categories".* FROM "categories"[0m
  ↳ app/views/categories/index.html.erb:2
  Rendered categories/index.html.erb within layouts/application (1.4ms)
Completed 200 OK in 27ms (Views: 24.3ms | ActiveRecord: 0.3ms)


Started GET "/categories/new" for ::1 at 2019-04-21 14:52:35 +0300
Processing by CategoriesController#new as HTML
  Rendering categories/new.html.erb within layouts/application
  Rendered categories/_form.html.erb (2.1ms)
  Rendered categories/new.html.erb within layouts/application (3.3ms)
Completed 200 OK in 58ms (Views: 53.8ms | ActiveRecord: 0.0ms)


Started POST "/categories" for ::1 at 2019-04-21 14:52:44 +0300
Processing by CategoriesController#create as HTML
  Parameters: {"utf8"=>"✓", "authenticity_token"=>"HYyrneTTG0Q03fRHvsIse/16WLc8o/hWRDuD/oKrdXLr45v5+Wpl+Jr3ytdiwyiqtm8X706Vwudv7mS/U5cGzg==", "category"=>{"name"=>"fruite"}, "commit"=>"Submit"}
  [1m[35m (0.3ms)[0m  [1m[35mBEGIN[0m
  ↳ app/controllers/categories_controller.rb:15
  [1m[36mCategory Create (1.3ms)[0m  [1m[32mINSERT INTO "categories" ("name", "created_at", "updated_at") VALUES ($1, $2, $3) RETURNING "id"[0m  [["name", "fruite"], ["created_at", "2019-04-21 11:52:44.044609"], ["updated_at", "2019-04-21 11:52:44.044609"]]
  ↳ app/controllers/categories_controller.rb:15
  [1m[35m (65.6ms)[0m  [1m[35mCOMMIT[0m
  ↳ app/controllers/categories_controller.rb:15
Redirected to http://localhost:3000/categories
Completed 302 Found in 74ms (ActiveRecord: 67.1ms)


Started GET "/categories" for ::1 at 2019-04-21 14:52:44 +0300
Processing by CategoriesController#index as HTML
  Rendering categories/index.html.erb within layouts/application
  [1m[36mCategory Load (0.9ms)[0m  [1m[34mSELECT "categories".* FROM "categories"[0m
  ↳ app/views/categories/index.html.erb:2
  Rendered categories/index.html.erb within layouts/application (2.8ms)
Completed 200 OK in 31ms (Views: 28.5ms | ActiveRecord: 0.9ms)


Started GET "/categorie" for ::1 at 2019-04-21 14:53:46 +0300
  
ActionController::RoutingError (No route matches [GET] "/categorie"):
  
actionpack (5.2.3) lib/action_dispatch/middleware/debug_exceptions.rb:65:in `call'
web-console (3.7.0) lib/web_console/middleware.rb:135:in `call_app'
web-console (3.7.0) lib/web_console/middleware.rb:30:in `block in call'
web-console (3.7.0) lib/web_console/middleware.rb:20:in `catch'
web-console (3.7.0) lib/web_console/middleware.rb:20:in `call'
actionpack (5.2.3) lib/action_dispatch/middleware/show_exceptions.rb:33:in `call'
railties (5.2.3) lib/rails/rack/logger.rb:38:in `call_app'
railties (5.2.3) lib/rails/rack/logger.rb:26:in `block in call'
activesupport (5.2.3) lib/active_support/tagged_logging.rb:71:in `block in tagged'
activesupport (5.2.3) lib/active_support/tagged_logging.rb:28:in `tagged'
activesupport (5.2.3) lib/active_support/tagged_logging.rb:71:in `tagged'
railties (5.2.3) lib/rails/rack/logger.rb:26:in `call'
sprockets-rails (3.2.1) lib/sprockets/rails/quiet_assets.rb:13:in `call'
actionpack (5.2.3) lib/action_dispatch/middleware/remote_ip.rb:81:in `call'
actionpack (5.2.3) lib/action_dispatch/middleware/request_id.rb:27:in `call'
rack (2.0.7) lib/rack/method_override.rb:22:in `call'
rack (2.0.7) lib/rack/runtime.rb:22:in `call'
activesupport (5.2.3) lib/active_support/cache/strategy/local_cache_middleware.rb:29:in `call'
actionpack (5.2.3) lib/action_dispatch/middleware/executor.rb:14:in `call'
actionpack (5.2.3) lib/action_dispatch/middleware/static.rb:127:in `call'
rack (2.0.7) lib/rack/sendfile.rb:111:in `call'
railties (5.2.3) lib/rails/engine.rb:524:in `call'
puma (3.12.1) lib/puma/configuration.rb:227:in `call'
puma (3.12.1) lib/puma/server.rb:660:in `handle_request'
puma (3.12.1) lib/puma/server.rb:474:in `process_client'
puma (3.12.1) lib/puma/server.rb:334:in `block in run'
puma (3.12.1) lib/puma/thread_pool.rb:135:in `block in spawn_thread'
Started GET "/categories" for ::1 at 2019-04-21 14:54:31 +0300
Processing by CategoriesController#index as HTML
  Rendering categories/index.html.erb within layouts/application
  [1m[36mCategory Load (8.4ms)[0m  [1m[34mSELECT "categories".* FROM "categories"[0m
  ↳ app/views/categories/index.html.erb:2
  Rendered categories/index.html.erb within layouts/application (10.9ms)
Completed 200 OK in 60ms (Views: 49.7ms | ActiveRecord: 8.4ms)


Started GET "/categories" for ::1 at 2019-04-21 14:54:49 +0300
Processing by CategoriesController#index as HTML
  Rendering categories/index.html.erb within layouts/application
  [1m[36mCategory Load (0.3ms)[0m  [1m[34mSELECT "categories".* FROM "categories"[0m
  ↳ app/views/categories/index.html.erb:2
  Rendered categories/index.html.erb within layouts/application (1.6ms)
Completed 200 OK in 29ms (Views: 27.2ms | ActiveRecord: 0.3ms)


Started GET "/categories/new" for ::1 at 2019-04-21 14:54:51 +0300
Processing by CategoriesController#new as HTML
  Rendering categories/new.html.erb within layouts/application
  Rendered categories/_form.html.erb (2.8ms)
  Rendered categories/new.html.erb within layouts/application (4.6ms)
Completed 200 OK in 54ms (Views: 51.4ms | ActiveRecord: 0.0ms)


Started GET "/categories" for ::1 at 2019-04-21 15:03:56 +0300
Processing by CategoriesController#index as HTML
  Rendering categories/index.html.erb within layouts/application
  [1m[36mCategory Load (0.8ms)[0m  [1m[34mSELECT "categories".* FROM "categories"[0m
  ↳ app/views/categories/index.html.erb:2
  Rendered categories/index.html.erb within layouts/application (2.5ms)
Completed 200 OK in 30ms (Views: 28.0ms | ActiveRecord: 0.8ms)


Started GET "/products" for ::1 at 2019-04-21 15:18:02 +0300
Processing by ProductsController#index as HTML
Completed 500 Internal Server Error in 2ms (ActiveRecord: 0.0ms)


  
NameError (uninitialized constant ProductsController::Products):
  
app/controllers/products_controller.rb:3:in `index'
Started GET "/categories/new" for ::1 at 2019-04-21 15:19:08 +0300
Processing by CategoriesController#new as HTML
  Rendering categories/new.html.erb within layouts/application
  Rendered categories/_form.html.erb (1.9ms)
  Rendered categories/new.html.erb within layouts/application (3.4ms)
Completed 200 OK in 58ms (Views: 28.1ms | ActiveRecord: 10.5ms)


Started GET "/products/new" for ::1 at 2019-04-21 15:19:17 +0300
Processing by ProductsController#new as HTML
  Rendering products/new.html.erb within layouts/application
  Rendered products/_form.html.erb (1.7ms)
  Rendered products/new.html.erb within layouts/application (3.0ms)
Completed 500 Internal Server Error in 36ms (ActiveRecord: 6.3ms)


  
ActionView::Template::Error (First argument in form cannot contain nil or be empty):
    1: <%= form_for @category do |f| %>
    2:   <%= f.label :name %>
    3:   <%= f.text_field :name %> <br>
    4: 
  
app/views/products/_form.html.erb:1:in `_app_views_products__form_html_erb___1838898782830863297_70340537193160'
app/views/products/new.html.erb:3:in `_app_views_products_new_html_erb___1345498359619889265_70340537162860'
Started GET "/products/new" for ::1 at 2019-04-21 15:19:30 +0300
Processing by ProductsController#new as HTML
  Rendering products/new.html.erb within layouts/application
  Rendered products/_form.html.erb (1.4ms)
  Rendered products/new.html.erb within layouts/application (2.7ms)
Completed 500 Internal Server Error in 8ms (ActiveRecord: 0.0ms)


  
ActionView::Template::Error (First argument in form cannot contain nil or be empty):
    1: <%= form_for @products do |f| %>
    2:   <%= f.label :name %>
    3:   <%= f.text_field :name %> <br>
    4: 
  
app/views/products/_form.html.erb:1:in `_app_views_products__form_html_erb___1838898782830863297_70340535144660'
app/views/products/new.html.erb:3:in `_app_views_products_new_html_erb___1345498359619889265_70340535078640'
Started GET "/products/new" for ::1 at 2019-04-21 15:19:38 +0300
Processing by ProductsController#new as HTML
  Rendering products/new.html.erb within layouts/application
  Rendered products/_form.html.erb (16.0ms)
  Rendered products/new.html.erb within layouts/application (18.0ms)
Completed 500 Internal Server Error in 21ms (ActiveRecord: 0.0ms)


  
ActionView::Template::Error (undefined method `person_id' for #<Product:0x00007ff2d8ec33a8>
Did you mean?  persisted?):
    11: <%= f.label :category %>
    12:   <%= f.text_field :quantity %><br>
    13: 
    14: <%= f.collection_select :person_id, Category.all, :id, :name %>
    15: 
    16: <%= f.submit "Submit" %>
    17: 
  
app/views/products/_form.html.erb:14:in `block in _app_views_products__form_html_erb___1838898782830863297_70340499112120'
app/views/products/_form.html.erb:1:in `_app_views_products__form_html_erb___1838898782830863297_70340499112120'
app/views/products/new.html.erb:3:in `_app_views_products_new_html_erb___1345498359619889265_70340499082720'
Started GET "/products/new" for ::1 at 2019-04-21 15:19:46 +0300
Processing by ProductsController#new as HTML
  Rendering products/new.html.erb within layouts/application
  Rendered products/_form.html.erb (12.8ms)
  Rendered products/new.html.erb within layouts/application (14.6ms)
Completed 500 Internal Server Error in 20ms (ActiveRecord: 0.0ms)


  
ActionView::Template::Error (undefined method `product_id' for #<Product:0x00007ff2dd25bbb0>):
    11: <%= f.label :category %>
    12:   <%= f.text_field :quantity %><br>
    13: 
    14: <%= f.collection_select :product_id, Category.all, :id, :name %>
    15: 
    16: <%= f.submit "Submit" %>
    17: 
  
app/views/products/_form.html.erb:14:in `block in _app_views_products__form_html_erb___1838898782830863297_70340534585020'
app/views/products/_form.html.erb:1:in `_app_views_products__form_html_erb___1838898782830863297_70340534585020'
app/views/products/new.html.erb:3:in `_app_views_products_new_html_erb___1345498359619889265_70340534519320'
Started GET "/products/new" for ::1 at 2019-04-21 15:19:52 +0300
Processing by ProductsController#new as HTML
  Rendering products/new.html.erb within layouts/application
  Rendered products/_form.html.erb (12.2ms)
  Rendered products/new.html.erb within layouts/application (13.4ms)
Completed 500 Internal Server Error in 17ms (ActiveRecord: 0.0ms)


  
ActionView::Template::Error (undefined method `products_id' for #<Product:0x00007ff2dd711858>):
    11: <%= f.label :category %>
    12:   <%= f.text_field :quantity %><br>
    13: 
    14: <%= f.collection_select :products_id, Category.all, :id, :name %>
    15: 
    16: <%= f.submit "Submit" %>
    17: 
  
app/views/products/_form.html.erb:14:in `block in _app_views_products__form_html_erb___1838898782830863297_70340515244500'
app/views/products/_form.html.erb:1:in `_app_views_products__form_html_erb___1838898782830863297_70340515244500'
app/views/products/new.html.erb:3:in `_app_views_products_new_html_erb___1345498359619889265_70340510915760'
Started GET "/products/new" for ::1 at 2019-04-21 15:20:33 +0300
Processing by ProductsController#new as HTML
  Rendering products/new.html.erb within layouts/application
  Rendered products/_form.html.erb (13.3ms)
  Rendered products/new.html.erb within layouts/application (14.9ms)
Completed 500 Internal Server Error in 20ms (ActiveRecord: 0.0ms)


  
ActionView::Template::Error (undefined method `category_id' for #<Product:0x00007ff2dac1c5a8>
Did you mean?  category
               category=):
    11: <%= f.label :category %>
    12:   <%= f.text_field :quantity %><br>
    13: 
    14: <%= f.collection_select :category_id, Category.all, :id, :name %>
    15: 
    16: <%= f.submit "Submit" %>
    17: 
  
app/views/products/_form.html.erb:14:in `block in _app_views_products__form_html_erb___1838898782830863297_70340514556720'
app/views/products/_form.html.erb:1:in `_app_views_products__form_html_erb___1838898782830863297_70340514556720'
app/views/products/new.html.erb:3:in `_app_views_products_new_html_erb___1345498359619889265_70340514491100'
Started GET "/products/new" for ::1 at 2019-04-21 15:22:00 +0300
Processing by ProductsController#new as HTML
  Rendering products/new.html.erb within layouts/application
  Rendered products/_form.html.erb (3.4ms)
  Rendered products/new.html.erb within layouts/application (4.7ms)
Completed 200 OK in 39ms (Views: 35.4ms | ActiveRecord: 0.0ms)


Started GET "/products/new" for ::1 at 2019-04-21 15:22:49 +0300
Processing by ProductsController#new as HTML
  Rendering products/new.html.erb within layouts/application
  [1m[36mCategory Load (1.5ms)[0m  [1m[34mSELECT "categories".* FROM "categories"[0m
  ↳ app/views/products/_form.html.erb:14
  Rendered products/_form.html.erb (6.0ms)
  Rendered products/new.html.erb within layouts/application (7.0ms)
Completed 200 OK in 35ms (Views: 30.8ms | ActiveRecord: 1.5ms)


Started GET "/products/new" for ::1 at 2019-04-21 15:25:21 +0300
Processing by ProductsController#new as HTML
  Rendering products/new.html.erb within layouts/application
  [1m[36mCategory Load (0.3ms)[0m  [1m[34mSELECT "categories".* FROM "categories"[0m
  ↳ app/views/products/_form.html.erb:14
  Rendered products/_form.html.erb (3.2ms)
  Rendered products/new.html.erb within layouts/application (4.6ms)
Completed 200 OK in 41ms (Views: 38.8ms | ActiveRecord: 0.3ms)


Started POST "/products" for ::1 at 2019-04-21 15:26:04 +0300
Processing by ProductsController#create as HTML
  Parameters: {"utf8"=>"✓", "authenticity_token"=>"BNfnGj1KQyj2d2ljj6a5SUBsJqQtJqkXinUhFSTugybyuNd+IPM9lFhdV/NTp72YC3lp/F8Qk6ahoMZU9dLwmg==", "product"=>{"name"=>"banana", "image"=>"https://target.scene7.com/is/image/Target/GUEST_f5d0cfc3-9d02-4ee0-a6c6-ed5dc09971d1?wid=488&hei=488&fmt=pjpeg", "quantity"=>"30", "catID"=>"1"}, "commit"=>"Submit"}
  [1m[35m (0.5ms)[0m  [1m[35mBEGIN[0m
  ↳ app/controllers/products_controller.rb:15
  [1m[35m (0.3ms)[0m  [1m[31mROLLBACK[0m
  ↳ app/controllers/products_controller.rb:15
Redirected to http://localhost:3000/products
Completed 302 Found in 36ms (ActiveRecord: 0.8ms)


Started GET "/products" for ::1 at 2019-04-21 15:26:04 +0300
Processing by ProductsController#index as HTML
Completed 500 Internal Server Error in 3ms (ActiveRecord: 0.0ms)


  
NameError (uninitialized constant ProductsController::Products):
  
app/controllers/products_controller.rb:3:in `index'
Started GET "/products" for ::1 at 2019-04-21 15:26:55 +0300
Processing by ProductsController#index as HTML
  Rendering products/index.html.erb within layouts/application
  [1m[36mProduct Load (1.3ms)[0m  [1m[34mSELECT "products".* FROM "products"[0m
  ↳ app/views/products/index.html.erb:2
  Rendered products/index.html.erb within layouts/application (16.2ms)
Completed 200 OK in 57ms (Views: 47.5ms | ActiveRecord: 6.6ms)


Started GET "/products/new" for ::1 at 2019-04-21 15:27:04 +0300
Processing by ProductsController#new as HTML
  Rendering products/new.html.erb within layouts/application
  [1m[36mCategory Load (3.0ms)[0m  [1m[34mSELECT "categories".* FROM "categories"[0m
  ↳ app/views/products/_form.html.erb:14
  Rendered products/_form.html.erb (29.8ms)
  Rendered products/new.html.erb within layouts/application (31.6ms)
Completed 200 OK in 62ms (Views: 43.0ms | ActiveRecord: 13.0ms)


Started POST "/products" for ::1 at 2019-04-21 15:27:16 +0300
Processing by ProductsController#create as HTML
  Parameters: {"utf8"=>"✓", "authenticity_token"=>"lfdROhw15wjZC86IIPRRAwoLbeUhDVKdIykGlj/QPGBuQx/dXQtQAMvUU2JT7aHlldvZ7LZu8gV3DoN8l6FQ8g==", "product"=>{"name"=>"banana", "image"=>"https://target.scene7.com/is/image/Target/GUEST_f5d0cfc3-9d02-4ee0-a6c6-ed5dc09971d1?wid=488&hei=488&fmt=pjpeg", "quantity"=>"30", "catID"=>"1"}, "commit"=>"Submit"}
  [1m[35m (0.7ms)[0m  [1m[35mBEGIN[0m
  ↳ app/controllers/products_controller.rb:15
  [1m[35m (0.9ms)[0m  [1m[31mROLLBACK[0m
  ↳ app/controllers/products_controller.rb:15
Redirected to http://localhost:3000/products
Completed 302 Found in 10ms (ActiveRecord: 1.6ms)


Started GET "/products" for ::1 at 2019-04-21 15:27:16 +0300
Processing by ProductsController#index as HTML
  Rendering products/index.html.erb within layouts/application
  [1m[36mProduct Load (0.8ms)[0m  [1m[34mSELECT "products".* FROM "products"[0m
  ↳ app/views/products/index.html.erb:2
  Rendered products/index.html.erb within layouts/application (3.4ms)
Completed 200 OK in 57ms (Views: 54.3ms | ActiveRecord: 0.8ms)


Started GET "/products/new" for ::1 at 2019-04-21 15:27:18 +0300
Processing by ProductsController#new as HTML
  Rendering products/new.html.erb within layouts/application
  [1m[36mCategory Load (0.6ms)[0m  [1m[34mSELECT "categories".* FROM "categories"[0m
  ↳ app/views/products/_form.html.erb:14
  Rendered products/_form.html.erb (9.5ms)
  Rendered products/new.html.erb within layouts/application (13.7ms)
Completed 200 OK in 62ms (Views: 59.0ms | ActiveRecord: 0.6ms)


Started POST "/products" for ::1 at 2019-04-21 15:27:25 +0300
Processing by ProductsController#create as HTML
  Parameters: {"utf8"=>"✓", "authenticity_token"=>"stD5gLVmYdL4Z578WdczrsMn31gZJRYkSdOku2uVH55JZLdn9FjW2uq4AxYqzsNIXPdrUY5Gtrwd9CFRw+RzDA==", "product"=>{"name"=>"banana", "image"=>"https://target.scene7.com/is/image/Target/GUEST_f5d0cfc3-9d02-4ee0-a6c6-ed5dc09971d1?wid=488&hei=488&fmt=pjpeg", "quantity"=>"30", "catID"=>"3"}, "commit"=>"Submit"}
  [1m[35m (0.2ms)[0m  [1m[35mBEGIN[0m
  ↳ app/controllers/products_controller.rb:15
  [1m[35m (0.5ms)[0m  [1m[31mROLLBACK[0m
  ↳ app/controllers/products_controller.rb:15
Redirected to http://localhost:3000/products
Completed 302 Found in 12ms (ActiveRecord: 0.7ms)


Started GET "/products" for ::1 at 2019-04-21 15:27:25 +0300
Processing by ProductsController#index as HTML
  Rendering products/index.html.erb within layouts/application
  [1m[36mProduct Load (2.4ms)[0m  [1m[34mSELECT "products".* FROM "products"[0m
  ↳ app/views/products/index.html.erb:2
  Rendered products/index.html.erb within layouts/application (4.9ms)
Completed 200 OK in 64ms (Views: 59.0ms | ActiveRecord: 2.4ms)


Started GET "/products" for ::1 at 2019-04-21 15:27:28 +0300
Processing by ProductsController#index as HTML
  Rendering products/index.html.erb within layouts/application
  [1m[36mProduct Load (0.3ms)[0m  [1m[34mSELECT "products".* FROM "products"[0m
  ↳ app/views/products/index.html.erb:2
  Rendered products/index.html.erb within layouts/application (1.6ms)
Completed 200 OK in 33ms (Views: 30.0ms | ActiveRecord: 0.3ms)


Started GET "/products" for ::1 at 2019-04-21 15:27:37 +0300
Processing by ProductsController#index as HTML
  Rendering products/index.html.erb within layouts/application
  [1m[36mProduct Load (0.4ms)[0m  [1m[34mSELECT "products".* FROM "products"[0m
  ↳ app/views/products/index.html.erb:2
  Rendered products/index.html.erb within layouts/application (2.3ms)
Completed 200 OK in 34ms (Views: 31.1ms | ActiveRecord: 0.4ms)


Started GET "/categories" for ::1 at 2019-04-21 15:28:41 +0300
Processing by CategoriesController#index as HTML
  Rendering categories/index.html.erb within layouts/application
  [1m[36mCategory Load (0.3ms)[0m  [1m[34mSELECT "categories".* FROM "categories"[0m
  ↳ app/views/categories/index.html.erb:2
  Rendered categories/index.html.erb within layouts/application (1.9ms)
Completed 200 OK in 34ms (Views: 32.1ms | ActiveRecord: 0.3ms)


Started GET "/categories/1" for ::1 at 2019-04-21 15:28:43 +0300
Processing by CategoriesController#show as HTML
  Parameters: {"id"=>"1"}
  [1m[36mCategory Load (1.5ms)[0m  [1m[34mSELECT  "categories".* FROM "categories" WHERE "categories"."id" = $1 LIMIT $2[0m  [["id", 1], ["LIMIT", 1]]
  ↳ app/controllers/categories_controller.rb:7
  Rendering categories/show.html.erb within layouts/application
  Rendered categories/show.html.erb within layouts/application (1.0ms)
Completed 200 OK in 37ms (Views: 28.0ms | ActiveRecord: 5.5ms)


Started GET "/categories/3" for ::1 at 2019-04-21 15:28:47 +0300
Processing by CategoriesController#show as HTML
  Parameters: {"id"=>"3"}
  [1m[36mCategory Load (7.5ms)[0m  [1m[34mSELECT  "categories".* FROM "categories" WHERE "categories"."id" = $1 LIMIT $2[0m  [["id", 3], ["LIMIT", 1]]
  ↳ app/controllers/categories_controller.rb:7
  Rendering categories/show.html.erb within layouts/application
  Rendered categories/show.html.erb within layouts/application (1.2ms)
Completed 200 OK in 44ms (Views: 32.8ms | ActiveRecord: 7.5ms)


Started GET "/products" for ::1 at 2019-04-21 15:29:32 +0300
Processing by ProductsController#index as HTML
  Rendering products/index.html.erb within layouts/application
  [1m[36mProduct Load (0.4ms)[0m  [1m[34mSELECT "products".* FROM "products"[0m
  ↳ app/views/products/index.html.erb:2
  Rendered products/index.html.erb within layouts/application (1.7ms)
Completed 200 OK in 34ms (Views: 31.1ms | ActiveRecord: 0.4ms)


Started GET "/products/new" for ::1 at 2019-04-21 15:29:34 +0300
Processing by ProductsController#new as HTML
  Rendering products/new.html.erb within layouts/application
  [1m[36mCategory Load (2.6ms)[0m  [1m[34mSELECT "categories".* FROM "categories"[0m
  ↳ app/views/products/_form.html.erb:14
  Rendered products/_form.html.erb (11.0ms)
  Rendered products/new.html.erb within layouts/application (12.8ms)
Completed 200 OK in 46ms (Views: 41.2ms | ActiveRecord: 2.6ms)


Started POST "/products" for ::1 at 2019-04-21 15:29:47 +0300
Processing by ProductsController#create as HTML
  Parameters: {"utf8"=>"✓", "authenticity_token"=>"B51ym39wbTSn+9F0WndZwsiQcmY3dVFs3gVCpfpWLlD8KTx8Pk7aPLUkTJ4pbqkkV0DGb6AW8fSKIsdPUidCwg==", "product"=>{"name"=>"banana", "image"=>"https://target.scene7.com/is/image/Target/GUEST_f5d0cfc3-9d02-4ee0-a6c6-ed5dc09971d1?wid=488&hei=488&fmt=pjpeg", "quantity"=>"30", "catID"=>"1"}, "commit"=>"Submit"}
  [1m[35m (0.4ms)[0m  [1m[35mBEGIN[0m
  ↳ app/controllers/products_controller.rb:15
  [1m[35m (1.2ms)[0m  [1m[31mROLLBACK[0m
  ↳ app/controllers/products_controller.rb:15
Redirected to http://localhost:3000/products
Completed 302 Found in 9ms (ActiveRecord: 1.5ms)


Started GET "/products" for ::1 at 2019-04-21 15:29:47 +0300
Processing by ProductsController#index as HTML
  Rendering products/index.html.erb within layouts/application
  [1m[36mProduct Load (2.8ms)[0m  [1m[34mSELECT "products".* FROM "products"[0m
  ↳ app/views/products/index.html.erb:2
  Rendered products/index.html.erb within layouts/application (4.9ms)
Completed 200 OK in 35ms (Views: 31.0ms | ActiveRecord: 2.8ms)


Started GET "/products/new" for ::1 at 2019-04-21 15:33:20 +0300
Processing by ProductsController#new as HTML
  Rendering products/new.html.erb within layouts/application
  [1m[36mCategory Load (3.3ms)[0m  [1m[34mSELECT "categories".* FROM "categories"[0m
  ↳ app/views/products/_form.html.erb:12
  Rendered products/_form.html.erb (9.2ms)
  Rendered products/new.html.erb within layouts/application (11.0ms)
Completed 200 OK in 44ms (Views: 38.8ms | ActiveRecord: 3.3ms)


Started GET "/categories" for ::1 at 2019-04-21 15:33:47 +0300
Processing by CategoriesController#index as HTML
  Rendering categories/index.html.erb within layouts/application
  [1m[36mCategory Load (0.4ms)[0m  [1m[34mSELECT "categories".* FROM "categories"[0m
  ↳ app/views/categories/index.html.erb:2
  Rendered categories/index.html.erb within layouts/application (2.3ms)
Completed 200 OK in 39ms (Views: 35.7ms | ActiveRecord: 0.4ms)


Started GET "/categories/1" for ::1 at 2019-04-21 15:33:50 +0300
Processing by CategoriesController#show as HTML
  Parameters: {"id"=>"1"}
  [1m[36mCategory Load (6.2ms)[0m  [1m[34mSELECT  "categories".* FROM "categories" WHERE "categories"."id" = $1 LIMIT $2[0m  [["id", 1], ["LIMIT", 1]]
  ↳ app/controllers/categories_controller.rb:7
  Rendering categories/show.html.erb within layouts/application
  Rendered categories/show.html.erb within layouts/application (1.3ms)
Completed 200 OK in 46ms (Views: 37.3ms | ActiveRecord: 6.2ms)


Started GET "/categories/1/edit" for ::1 at 2019-04-21 15:33:52 +0300
Processing by CategoriesController#edit as HTML
  Parameters: {"id"=>"1"}
  [1m[36mCategory Load (5.8ms)[0m  [1m[34mSELECT  "categories".* FROM "categories" WHERE "categories"."id" = $1 LIMIT $2[0m  [["id", 1], ["LIMIT", 1]]
  ↳ app/controllers/categories_controller.rb:20
  Rendering categories/edit.html.erb within layouts/application
  Rendered categories/_form.html.erb (3.9ms)
  Rendered categories/edit.html.erb within layouts/application (7.5ms)
Completed 200 OK in 44ms (Views: 33.9ms | ActiveRecord: 5.8ms)


Started PATCH "/categories/1" for ::1 at 2019-04-21 15:33:58 +0300
Processing by CategoriesController#update as HTML
  Parameters: {"utf8"=>"✓", "authenticity_token"=>"6S+36Cb2lKmfZMp3WKyS8ZDX3wQznBOVqV8iqpkUqvGHNjkQFy+SvogKgjUBFMX0IVazefqDdFBZ0SnkcKcSVQ==", "category"=>{"name"=>"vigi"}, "commit"=>"Submit", "id"=>"1"}
  [1m[36mCategory Load (0.3ms)[0m  [1m[34mSELECT  "categories".* FROM "categories" WHERE "categories"."id" = $1 LIMIT $2[0m  [["id", 1], ["LIMIT", 1]]
  ↳ app/controllers/categories_controller.rb:24
  [1m[35m (0.2ms)[0m  [1m[35mBEGIN[0m
  ↳ app/controllers/categories_controller.rb:25
  [1m[36mCategory Update (0.8ms)[0m  [1m[33mUPDATE "categories" SET "name" = $1, "updated_at" = $2 WHERE "categories"."id" = $3[0m  [["name", "vigi"], ["updated_at", "2019-04-21 12:33:59.006645"], ["id", 1]]
  ↳ app/controllers/categories_controller.rb:25
  [1m[35m (2.2ms)[0m  [1m[35mCOMMIT[0m
  ↳ app/controllers/categories_controller.rb:25
Redirected to http://localhost:3000/categories/1
Completed 302 Found in 9ms (ActiveRecord: 3.5ms)


Started GET "/categories/1" for ::1 at 2019-04-21 15:33:59 +0300
Processing by CategoriesController#show as HTML
  Parameters: {"id"=>"1"}
  [1m[36mCategory Load (0.3ms)[0m  [1m[34mSELECT  "categories".* FROM "categories" WHERE "categories"."id" = $1 LIMIT $2[0m  [["id", 1], ["LIMIT", 1]]
  ↳ app/controllers/categories_controller.rb:7
  Rendering categories/show.html.erb within layouts/application
  Rendered categories/show.html.erb within layouts/application (1.3ms)
Completed 200 OK in 52ms (Views: 50.0ms | ActiveRecord: 0.3ms)


Started GET "/categories" for ::1 at 2019-04-21 15:34:03 +0300
Processing by CategoriesController#index as HTML
  Rendering categories/index.html.erb within layouts/application
  [1m[36mCategory Load (12.6ms)[0m  [1m[34mSELECT "categories".* FROM "categories"[0m
  ↳ app/views/categories/index.html.erb:2
  Rendered categories/index.html.erb within layouts/application (14.8ms)
Completed 200 OK in 50ms (Views: 35.4ms | ActiveRecord: 12.6ms)


Started GET "/products" for ::1 at 2019-04-21 15:34:12 +0300
Processing by ProductsController#index as HTML
  Rendering products/index.html.erb within layouts/application
  [1m[36mProduct Load (0.3ms)[0m  [1m[34mSELECT "products".* FROM "products"[0m
  ↳ app/views/products/index.html.erb:2
  Rendered products/index.html.erb within layouts/application (1.7ms)
Completed 200 OK in 34ms (Views: 30.2ms | ActiveRecord: 0.3ms)


Started GET "/products/new" for ::1 at 2019-04-21 15:34:15 +0300
Processing by ProductsController#new as HTML
  Rendering products/new.html.erb within layouts/application
  [1m[36mCategory Load (1.2ms)[0m  [1m[34mSELECT "categories".* FROM "categories"[0m
  ↳ app/views/products/_form.html.erb:12
  Rendered products/_form.html.erb (8.0ms)
  Rendered products/new.html.erb within layouts/application (9.6ms)
Completed 200 OK in 44ms (Views: 39.9ms | ActiveRecord: 1.2ms)


Started POST "/products" for ::1 at 2019-04-21 15:34:28 +0300
Processing by ProductsController#create as HTML
  Parameters: {"utf8"=>"✓", "authenticity_token"=>"x3tZuiO8HKjxDr1bW8WYunp5Y0BiBPbKPj0M+O+gqfc8zxddYoKroOPRILEo3Ghc5anXSfVnVlJqGokSR9HFZQ==", "product"=>{"name"=>"banana", "image"=>"https://target.scene7.com/is/image/Target/GUEST_f5d0cfc3-9d02-4ee0-a6c6-ed5dc09971d1?wid=488&hei=488&fmt=pjpeg", "quantity"=>"30", "catID"=>"3"}, "commit"=>"Submit"}
  [1m[35m (0.3ms)[0m  [1m[35mBEGIN[0m
  ↳ app/controllers/products_controller.rb:15
  [1m[35m (0.4ms)[0m  [1m[31mROLLBACK[0m
  ↳ app/controllers/products_controller.rb:15
Redirected to http://localhost:3000/products
Completed 302 Found in 6ms (ActiveRecord: 0.6ms)


Started GET "/products" for ::1 at 2019-04-21 15:34:28 +0300
Processing by ProductsController#index as HTML
  Rendering products/index.html.erb within layouts/application
  [1m[36mProduct Load (0.3ms)[0m  [1m[34mSELECT "products".* FROM "products"[0m
  ↳ app/views/products/index.html.erb:2
  Rendered products/index.html.erb within layouts/application (1.8ms)
Completed 200 OK in 29ms (Views: 25.9ms | ActiveRecord: 0.3ms)


Started GET "/categories" for ::1 at 2019-04-21 15:34:48 +0300
Processing by CategoriesController#index as HTML
  Rendering categories/index.html.erb within layouts/application
  [1m[36mCategory Load (0.5ms)[0m  [1m[34mSELECT "categories".* FROM "categories"[0m
  ↳ app/views/categories/index.html.erb:2
  Rendered categories/index.html.erb within layouts/application (2.6ms)
Completed 200 OK in 37ms (Views: 34.6ms | ActiveRecord: 0.5ms)


Started GET "/categories/3" for ::1 at 2019-04-21 15:36:03 +0300
Processing by CategoriesController#show as HTML
  Parameters: {"id"=>"3"}
  [1m[36mCategory Load (0.5ms)[0m  [1m[34mSELECT  "categories".* FROM "categories" WHERE "categories"."id" = $1 LIMIT $2[0m  [["id", 3], ["LIMIT", 1]]
  ↳ app/controllers/categories_controller.rb:7
  Rendering categories/show.html.erb within layouts/application
  Rendered categories/show.html.erb within layouts/application (1.2ms)
Completed 200 OK in 43ms (Views: 37.8ms | ActiveRecord: 0.5ms)


Started GET "/categories/3" for ::1 at 2019-04-21 15:40:30 +0300
Processing by CategoriesController#show as HTML
  Parameters: {"id"=>"3"}
  [1m[36mCategory Load (0.5ms)[0m  [1m[34mSELECT  "categories".* FROM "categories" WHERE "categories"."id" = $1 LIMIT $2[0m  [["id", 3], ["LIMIT", 1]]
  ↳ app/controllers/categories_controller.rb:7
  Rendering categories/show.html.erb within layouts/application
  Rendered categories/show.html.erb within layouts/application (80.3ms)
Completed 500 Internal Server Error in 87ms (ActiveRecord: 0.5ms)


  
ActionView::Template::Error (PG::UndefinedColumn: ERROR:  column products.category_id does not exist
LINE 1: SELECT "products".* FROM "products" WHERE "products"."catego...
                                                  ^
: SELECT "products".* FROM "products" WHERE "products"."category_id" = $1):
     5: 
     6: <p> the products is </p>
     7: 
     8: <% @category.products.each do |a| %>
     9: <%= a.name %>
    10: 
    11: <%end%>
  
app/views/categories/show.html.erb:8:in `_app_views_categories_show_html_erb__2338564659998583785_70340546136180'
Started GET "/categories/3" for ::1 at 2019-04-21 15:41:56 +0300
Processing by CategoriesController#show as HTML
  Parameters: {"id"=>"3"}
  [1m[36mCategory Load (0.4ms)[0m  [1m[34mSELECT  "categories".* FROM "categories" WHERE "categories"."id" = $1 LIMIT $2[0m  [["id", 3], ["LIMIT", 1]]
  ↳ app/controllers/categories_controller.rb:7
  Rendering categories/show.html.erb within layouts/application
  Rendered categories/show.html.erb within layouts/application (3.1ms)
Completed 500 Internal Server Error in 9ms (ActiveRecord: 0.4ms)


  
ActionView::Template::Error (PG::UndefinedColumn: ERROR:  column products.category_id does not exist
LINE 1: SELECT "products".* FROM "products" WHERE "products"."catego...
                                                  ^
: SELECT "products".* FROM "products" WHERE "products"."category_id" = $1):
    3: <h1> Show category </h1>
    4: <%= @category.name %><br>
    5: 
    6: <p> the products is:  <% @category.products.each do |a| %>
    7: <%= a.name %>
    8: 
    9: <%end%></p>
  
app/views/categories/show.html.erb:6:in `_app_views_categories_show_html_erb__2338564659998583785_70340534653540'
Started GET "/categories/3" for ::1 at 2019-04-21 15:42:32 +0300
Processing by CategoriesController#show as HTML
  Parameters: {"id"=>"3"}
  [1m[36mCategory Load (0.4ms)[0m  [1m[34mSELECT  "categories".* FROM "categories" WHERE "categories"."id" = $1 LIMIT $2[0m  [["id", 3], ["LIMIT", 1]]
  ↳ app/controllers/categories_controller.rb:7
  Rendering categories/show.html.erb within layouts/application
  Rendered categories/show.html.erb within layouts/application (0.7ms)
Completed 200 OK in 32ms (Views: 27.8ms | ActiveRecord: 0.4ms)


Started GET "/categories" for ::1 at 2019-04-21 15:42:39 +0300
Processing by CategoriesController#index as HTML
  Rendering categories/index.html.erb within layouts/application
  [1m[36mCategory Load (0.9ms)[0m  [1m[34mSELECT "categories".* FROM "categories"[0m
  ↳ app/views/categories/index.html.erb:2
  Rendered categories/index.html.erb within layouts/application (3.8ms)
Completed 200 OK in 28ms (Views: 25.4ms | ActiveRecord: 0.9ms)


Started GET "/categories/3" for ::1 at 2019-04-21 15:45:59 +0300
Processing by CategoriesController#show as HTML
  Parameters: {"id"=>"3"}
  [1m[36mCategory Load (12.9ms)[0m  [1m[34mSELECT  "categories".* FROM "categories" WHERE "categories"."id" = $1 LIMIT $2[0m  [["id", 3], ["LIMIT", 1]]
  ↳ app/controllers/categories_controller.rb:7
  Rendering categories/show.html.erb within layouts/application
  Rendered categories/show.html.erb within layouts/application (4.0ms)
Completed 500 Internal Server Error in 23ms (ActiveRecord: 12.9ms)


  
ActionView::Template::Error (PG::UndefinedColumn: ERROR:  column products.category_id does not exist
LINE 1: SELECT "products".* FROM "products" WHERE "products"."catego...
                                                  ^
: SELECT "products".* FROM "products" WHERE "products"."category_id" = $1):
    3: <h1> Show category </h1>
    4: <%= @category.name %><br>
    5: 
    6: <p> the products is:  <% @category.products.each do |a| %>
    7: <%= a.name %>
    8: 
    9: <%end%></p>
  
app/views/categories/show.html.erb:6:in `_app_views_categories_show_html_erb__2338564659998583785_70340516366400'
Started GET "/categories" for ::1 at 2019-04-21 15:46:18 +0300
Processing by CategoriesController#index as HTML
  Rendering categories/index.html.erb within layouts/application
  [1m[36mCategory Load (0.6ms)[0m  [1m[34mSELECT "categories".* FROM "categories"[0m
  ↳ app/views/categories/index.html.erb:2
  Rendered categories/index.html.erb within layouts/application (2.5ms)
Completed 200 OK in 35ms (Views: 32.9ms | ActiveRecord: 0.6ms)


Started GET "/categories/3" for ::1 at 2019-04-21 15:47:38 +0300
Processing by CategoriesController#show as HTML
  Parameters: {"id"=>"3"}
  [1m[36mCategory Load (9.3ms)[0m  [1m[34mSELECT  "categories".* FROM "categories" WHERE "categories"."id" = $1 LIMIT $2[0m  [["id", 3], ["LIMIT", 1]]
  ↳ app/controllers/categories_controller.rb:7
  Rendering categories/show.html.erb within layouts/application
  Rendered categories/show.html.erb within layouts/application (4.6ms)
Completed 500 Internal Server Error in 21ms (ActiveRecord: 9.3ms)


  
ActionView::Template::Error (PG::UndefinedColumn: ERROR:  column products.category_id does not exist
LINE 1: SELECT "products".* FROM "products" WHERE "products"."catego...
                                                  ^
: SELECT "products".* FROM "products" WHERE "products"."category_id" = $1):
    3: <h1> Show category </h1>
    4: <%= @category.name %><br>
    5: 
    6: <p> the products is:  <% @category.products.each do |a| %>
    7: <%= a.name %>
    8: 
    9: <%end%></p>
  
app/views/categories/show.html.erb:6:in `_app_views_categories_show_html_erb__2338564659998583785_70340550687120'
  [1m[35m (0.3ms)[0m  [1m[34mSELECT pg_try_advisory_lock(942013028333907180)[0m
  ↳ bin/rails:9
  [1m[35m (3.0ms)[0m  [1m[34mSELECT "schema_migrations"."version" FROM "schema_migrations" ORDER BY "schema_migrations"."version" ASC[0m
  ↳ bin/rails:9
Migrating to RemoveColumnFromProducts (20190421125010)
  [1m[35m (0.2ms)[0m  [1m[35mBEGIN[0m
  ↳ bin/rails:9
  [1m[35m (46.1ms)[0m  [1m[35mALTER TABLE "products" DROP COLUMN "catID"[0m
  ↳ db/migrate/20190421125010_remove_column_from_products.rb:3
  [1m[35m (0.7ms)[0m  [1m[35mALTER TABLE "products" ADD "category_id" integer[0m
  ↳ db/migrate/20190421125010_remove_column_from_products.rb:4
  [1m[36mActiveRecord::SchemaMigration Create (0.4ms)[0m  [1m[32mINSERT INTO "schema_migrations" ("version") VALUES ($1) RETURNING "version"[0m  [["version", "20190421125010"]]
  ↳ bin/rails:9
  [1m[35m (1.4ms)[0m  [1m[35mCOMMIT[0m
  ↳ bin/rails:9
  [1m[36mActiveRecord::InternalMetadata Load (0.4ms)[0m  [1m[34mSELECT  "ar_internal_metadata".* FROM "ar_internal_metadata" WHERE "ar_internal_metadata"."key" = $1 LIMIT $2[0m  [["key", "environment"], ["LIMIT", 1]]
  ↳ bin/rails:9
  [1m[35m (0.2ms)[0m  [1m[35mBEGIN[0m
  ↳ bin/rails:9
  [1m[35m (0.2ms)[0m  [1m[35mCOMMIT[0m
  ↳ bin/rails:9
  [1m[35m (0.3ms)[0m  [1m[34mSELECT pg_advisory_unlock(942013028333907180)[0m
  ↳ bin/rails:9
  [1m[35m (0.3ms)[0m  [1m[34mSELECT "schema_migrations"."version" FROM "schema_migrations" ORDER BY "schema_migrations"."version" ASC[0m
  ↳ bin/rails:9
Started GET "/categories/3" for ::1 at 2019-04-21 15:51:51 +0300
  [1m[35m (0.7ms)[0m  [1m[34mSELECT "schema_migrations"."version" FROM "schema_migrations" ORDER BY "schema_migrations"."version" ASC[0m
  ↳ /Users/lamyaahamed/.rbenv/versions/2.6.2/lib/ruby/gems/2.6.0/gems/activerecord-5.2.3/lib/active_record/log_subscriber.rb:98
Processing by CategoriesController#show as HTML
  Parameters: {"id"=>"3"}
  [1m[36mCategory Load (0.2ms)[0m  [1m[34mSELECT  "categories".* FROM "categories" WHERE "categories"."id" = $1 LIMIT $2[0m  [["id", 3], ["LIMIT", 1]]
  ↳ app/controllers/categories_controller.rb:7
  Rendering categories/show.html.erb within layouts/application
  [1m[36mProduct Load (0.5ms)[0m  [1m[34mSELECT "products".* FROM "products" WHERE "products"."category_id" = $1[0m  [["category_id", 3]]
  ↳ app/views/categories/show.html.erb:6
  Rendered categories/show.html.erb within layouts/application (8.6ms)
Completed 200 OK in 38ms (Views: 21.8ms | ActiveRecord: 7.1ms)


Started GET "/categories/new" for ::1 at 2019-04-21 15:52:47 +0300
Processing by CategoriesController#new as HTML
  Rendering categories/new.html.erb within layouts/application
  Rendered categories/_form.html.erb (1.5ms)
  Rendered categories/new.html.erb within layouts/application (2.7ms)
Completed 200 OK in 33ms (Views: 20.9ms | ActiveRecord: 4.8ms)


Started GET "/products/new" for ::1 at 2019-04-21 15:52:52 +0300
Processing by ProductsController#new as HTML
  Rendering products/new.html.erb within layouts/application
  [1m[36mCategory Load (0.4ms)[0m  [1m[34mSELECT "categories".* FROM "categories"[0m
  ↳ app/views/products/_form.html.erb:12
  Rendered products/_form.html.erb (3.6ms)
  Rendered products/new.html.erb within layouts/application (4.6ms)
Completed 200 OK in 36ms (Views: 23.3ms | ActiveRecord: 3.0ms)


Started POST "/products" for ::1 at 2019-04-21 15:53:02 +0300
Processing by ProductsController#create as HTML
  Parameters: {"utf8"=>"✓", "authenticity_token"=>"BX9+5VyAICmBKvgbwld5cgmlcZ0gsDWEQifRcOfnIu3zEE6BQTlelS8AxoseVn2jQrA+xVKGDzVp8jYxNttRUQ==", "product"=>{"name"=>"banana", "image"=>"https://target.scene7.com/is/image/Target/GUEST_f5d0cfc3-9d02-4ee0-a6c6-ed5dc09971d1?wid=488&hei=488&fmt=pjpeg", "quantity"=>"30", "category_id"=>"3"}, "commit"=>"Submit"}
  [1m[35m (0.4ms)[0m  [1m[35mBEGIN[0m
  ↳ app/controllers/products_controller.rb:15
  [1m[36mCategory Load (0.3ms)[0m  [1m[34mSELECT  "categories".* FROM "categories" WHERE "categories"."id" = $1 LIMIT $2[0m  [["id", 3], ["LIMIT", 1]]
  ↳ app/controllers/products_controller.rb:15
  [1m[36mProduct Create (0.7ms)[0m  [1m[32mINSERT INTO "products" ("name", "image", "quantity", "created_at", "updated_at", "category_id") VALUES ($1, $2, $3, $4, $5, $6) RETURNING "id"[0m  [["name", "banana"], ["image", "https://target.scene7.com/is/image/Target/GUEST_f5d0cfc3-9d02-4ee0-a6c6-ed5dc09971d1?wid=488&hei=488&fmt=pjpeg"], ["quantity", 30], ["created_at", "2019-04-21 12:53:02.349339"], ["updated_at", "2019-04-21 12:53:02.349339"], ["category_id", 3]]
  ↳ app/controllers/products_controller.rb:15
  [1m[35m (41.3ms)[0m  [1m[35mCOMMIT[0m
  ↳ app/controllers/products_controller.rb:15
Redirected to http://localhost:3000/products
Completed 302 Found in 57ms (ActiveRecord: 42.7ms)


Started GET "/products" for ::1 at 2019-04-21 15:53:02 +0300
Processing by ProductsController#index as HTML
  Rendering products/index.html.erb within layouts/application
  [1m[36mProduct Load (0.3ms)[0m  [1m[34mSELECT "products".* FROM "products"[0m
  ↳ app/views/products/index.html.erb:2
  Rendered products/index.html.erb within layouts/application (2.2ms)
Completed 200 OK in 18ms (Views: 16.7ms | ActiveRecord: 0.3ms)


Started GET "/products/6" for ::1 at 2019-04-21 15:53:05 +0300
Processing by ProductsController#show as HTML
  Parameters: {"id"=>"6"}
  [1m[36mProduct Load (0.3ms)[0m  [1m[34mSELECT  "products".* FROM "products" WHERE "products"."id" = $1 LIMIT $2[0m  [["id", 6], ["LIMIT", 1]]
  ↳ app/controllers/products_controller.rb:7
  Rendering products/show.html.erb within layouts/application
  Rendered products/show.html.erb within layouts/application (2.1ms)
Completed 200 OK in 36ms (Views: 23.6ms | ActiveRecord: 0.3ms)


Started GET "/categories" for ::1 at 2019-04-21 15:53:45 +0300
Processing by CategoriesController#index as HTML
  Rendering categories/index.html.erb within layouts/application
  [1m[36mCategory Load (3.2ms)[0m  [1m[34mSELECT "categories".* FROM "categories"[0m
  ↳ app/views/categories/index.html.erb:2
  Rendered categories/index.html.erb within layouts/application (6.4ms)
Completed 200 OK in 56ms (Views: 50.6ms | ActiveRecord: 3.2ms)


Started GET "/categories/1" for ::1 at 2019-04-21 15:53:49 +0300
Processing by CategoriesController#show as HTML
  Parameters: {"id"=>"1"}
  [1m[36mCategory Load (2.8ms)[0m  [1m[34mSELECT  "categories".* FROM "categories" WHERE "categories"."id" = $1 LIMIT $2[0m  [["id", 1], ["LIMIT", 1]]
  ↳ app/controllers/categories_controller.rb:7
  Rendering categories/show.html.erb within layouts/application
  [1m[36mProduct Load (0.5ms)[0m  [1m[34mSELECT "products".* FROM "products" WHERE "products"."category_id" = $1[0m  [["category_id", 1]]
  ↳ app/views/categories/show.html.erb:6
  Rendered categories/show.html.erb within layouts/application (7.0ms)
Completed 200 OK in 35ms (Views: 27.3ms | ActiveRecord: 3.3ms)


Started GET "/products/new" for ::1 at 2019-04-21 15:53:58 +0300
Processing by ProductsController#new as HTML
  Rendering products/new.html.erb within layouts/application
  [1m[36mCategory Load (0.4ms)[0m  [1m[34mSELECT "categories".* FROM "categories"[0m
  ↳ app/views/products/_form.html.erb:12
  Rendered products/_form.html.erb (3.5ms)
  Rendered products/new.html.erb within layouts/application (5.0ms)
Completed 200 OK in 28ms (Views: 23.9ms | ActiveRecord: 0.4ms)


Started POST "/products" for ::1 at 2019-04-21 15:54:45 +0300
Processing by ProductsController#create as HTML
  Parameters: {"utf8"=>"✓", "authenticity_token"=>"xLmdkGrBJoQvJlGRnddQe6KohdIVD5vGs5LFJEMpz8Q/DdN3K/+RjD35zHvuzqCdPXgx24JsO17ntUDO61ijVg==", "product"=>{"name"=>"cucumber", "image"=>"http://www.pngmart.com/files/5/Cucumbers-PNG-Pic.png", "quantity"=>"100", "category_id"=>"1"}, "commit"=>"Submit"}
  [1m[35m (0.3ms)[0m  [1m[35mBEGIN[0m
  ↳ app/controllers/products_controller.rb:15
  [1m[36mCategory Load (0.9ms)[0m  [1m[34mSELECT  "categories".* FROM "categories" WHERE "categories"."id" = $1 LIMIT $2[0m  [["id", 1], ["LIMIT", 1]]
  ↳ app/controllers/products_controller.rb:15
  [1m[36mProduct Create (0.7ms)[0m  [1m[32mINSERT INTO "products" ("name", "image", "quantity", "created_at", "updated_at", "category_id") VALUES ($1, $2, $3, $4, $5, $6) RETURNING "id"[0m  [["name", "cucumber"], ["image", "http://www.pngmart.com/files/5/Cucumbers-PNG-Pic.png"], ["quantity", 100], ["created_at", "2019-04-21 12:54:45.453048"], ["updated_at", "2019-04-21 12:54:45.453048"], ["category_id", 1]]
  ↳ app/controllers/products_controller.rb:15
  [1m[35m (2.0ms)[0m  [1m[35mCOMMIT[0m
  ↳ app/controllers/products_controller.rb:15
Redirected to http://localhost:3000/products
Completed 302 Found in 12ms (ActiveRecord: 3.9ms)


Started GET "/products" for ::1 at 2019-04-21 15:54:45 +0300
Processing by ProductsController#index as HTML
  Rendering products/index.html.erb within layouts/application
  [1m[36mProduct Load (0.3ms)[0m  [1m[34mSELECT "products".* FROM "products"[0m
  ↳ app/views/products/index.html.erb:2
  Rendered products/index.html.erb within layouts/application (2.0ms)
Completed 200 OK in 21ms (Views: 19.0ms | ActiveRecord: 0.3ms)


Started GET "/categories" for ::1 at 2019-04-21 15:54:50 +0300
Processing by CategoriesController#index as HTML
  Rendering categories/index.html.erb within layouts/application
  [1m[36mCategory Load (5.8ms)[0m  [1m[34mSELECT "categories".* FROM "categories"[0m
  ↳ app/views/categories/index.html.erb:2
  Rendered categories/index.html.erb within layouts/application (9.0ms)
Completed 200 OK in 39ms (Views: 31.8ms | ActiveRecord: 5.8ms)


Started GET "/categories/1" for ::1 at 2019-04-21 15:54:52 +0300
Processing by CategoriesController#show as HTML
  Parameters: {"id"=>"1"}
  [1m[36mCategory Load (5.4ms)[0m  [1m[34mSELECT  "categories".* FROM "categories" WHERE "categories"."id" = $1 LIMIT $2[0m  [["id", 1], ["LIMIT", 1]]
  ↳ app/controllers/categories_controller.rb:7
  Rendering categories/show.html.erb within layouts/application
  [1m[36mProduct Load (0.5ms)[0m  [1m[34mSELECT "products".* FROM "products" WHERE "products"."category_id" = $1[0m  [["category_id", 1]]
  ↳ app/views/categories/show.html.erb:6
  Rendered categories/show.html.erb within layouts/application (4.2ms)
Completed 200 OK in 32ms (Views: 23.2ms | ActiveRecord: 5.9ms)


